2025-12-05 07:03:31,469 | SIGNAL | BUY_CE | BANKNIFTY | Price: 59609.60 | Strength: 4.27 | Strength 4.27 > 4.0
2025-12-05 07:03:31,705 | ORDER_ATTEMPT | B | BANKNIFTY31DEC25C59600 | Qty: 20 | Strike: 59600
2025-12-05 07:03:32,391 | ORDER_RESULT | ID: N/A | BANKNIFTY31DEC25C59600 | Qty: 20 | FAILED | Reason: API returned None
2025-12-05 07:04:15,037 | SIGNAL | EXIT | BANKNIFTY | Price: 59588.95 | Strength: 0.50 | Strength faded to 0.50
2025-12-05 07:04:15,333 | ORDER_ATTEMPT | S | BANKNIFTY31DEC25P59600 | Qty: 20 | Strike: 59600
2025-12-05 07:04:15,994 | ORDER_RESULT | ID: N/A | BANKNIFTY31DEC25P59600 | Qty: 20 | FAILED | Reason: API returned None
2025-12-05 07:05:52,482 | SIGNAL | BUY_CE | BANKNIFTY | Price: 59609.55 | Strength: 4.42 | Strength 4.42 > 4.0
2025-12-05 07:05:52,723 | ORDER_ATTEMPT | B | BANKNIFTY31DEC25C59600 | Qty: 20 | Strike: 59600
2025-12-05 07:05:53,401 | ORDER_RESULT | ID: N/A | BANKNIFTY31DEC25C59600 | Qty: 20 | FAILED | Reason: API returned None
2026-01-05 04:45:00,048 | SIGNAL | BUY_CE | BANKNIFTY | Price: 60378.85 | Strength: 25.55 | Strength 25.55 > 5.5
2026-01-05 04:45:00,292 | ORDER_ATTEMPT | B | BANKNIFTY28JAN26C60600 | Qty: 20 | Strike: 60600
2026-01-05 04:46:00,549 | SIGNAL | EXIT | BANKNIFTY | Price: 60264.25 | Strength: -3.32 | Strength faded to -3.32
2026-01-05 04:46:00,765 | ORDER_ATTEMPT | S | BANKNIFTY28JAN26P60300 | Qty: 20 | Strike: 60300
2026-01-05 04:47:17,557 | SIGNAL | BUY_CE | BANKNIFTY | Price: 60301.25 | Strength: 5.97 | Strength 5.97 > 5.5
2026-01-05 04:47:17,826 | ORDER_ATTEMPT | B | BANKNIFTY28JAN26C60300 | Qty: 20 | Strike: 60300
2026-01-05 04:54:10,584 | SIGNAL | EXIT | BANKNIFTY | Price: 60199.75 | Strength: 0.64 | Strength faded to 0.64
2026-01-05 04:54:10,827 | ORDER_ATTEMPT | S | BANKNIFTY28JAN26P60200 | Qty: 20 | Strike: 60200
2026-01-05 04:55:10,585 | SIGNAL | BUY_PE | BANKNIFTY | Price: 60155.40 | Strength: -7.41 | Strength -7.41 < -5.5
2026-01-05 04:55:10,850 | ORDER_ATTEMPT | B | BANKNIFTY28JAN26P60100 | Qty: 20 | Strike: 60100
2026-01-05 04:56:10,593 | SIGNAL | EXIT | BANKNIFTY | Price: 60228.05 | Strength: 5.62 | Strength faded to 5.62
2026-01-05 04:56:10,852 | ORDER_ATTEMPT | S | BANKNIFTY28JAN26P60200 | Qty: 20 | Strike: 60200
2026-01-05 04:57:10,599 | SIGNAL | BUY_CE | BANKNIFTY | Price: 60256.55 | Strength: 10.33 | Strength 10.33 > 5.5
2026-01-05 04:57:10,874 | ORDER_ATTEMPT | B | BANKNIFTY28JAN26C60500 | Qty: 20 | Strike: 60500
2026-01-05 04:58:39,100 | SIGNAL | EXIT | BANKNIFTY | Price: 60196.75 | Strength: 0.92 | Strength faded to 0.92
2026-01-05 04:58:39,345 | ORDER_ATTEMPT | S | BANKNIFTY28JAN26P60200 | Qty: 20 | Strike: 60200
2026-01-05 04:59:39,106 | SIGNAL | BUY_CE | BANKNIFTY | Price: 60207.80 | Strength: 7.14 | Strength 7.14 > 5.5
2026-01-05 04:59:39,352 | ORDER_ATTEMPT | B | BANKNIFTY28JAN26C60300 | Qty: 20 | Strike: 60300
2026-01-05 05:03:54,105 | SIGNAL | EXIT | BANKNIFTY | Price: 60171.25 | Strength: 0.90 | Strength faded to 0.90
2026-01-05 05:03:54,347 | ORDER_ATTEMPT | S | BANKNIFTY28JAN26P60200 | Qty: 20 | Strike: 60200
2026-01-05 05:08:46,636 | SIGNAL | BUY_CE | BANKNIFTY | Price: 60170.60 | Strength: 6.06 | Strength 6.06 > 5.5
2026-01-05 05:08:46,886 | ORDER_ATTEMPT | B | BANKNIFTY28JAN26C60200 | Qty: 20 | Strike: 60200
2026-01-05 05:14:32,166 | SIGNAL | BUY_PE | BANKNIFTY | Price: 60215.25 | Strength: -5.85 | Strength -5.85 < -5.5
2026-01-05 05:14:32,408 | ORDER_ATTEMPT | B | BANKNIFTY28JAN26P60200 | Qty: 20 | Strike: 60200
2026-01-05 05:15:33,669 | SIGNAL | EXIT | BANKNIFTY | Price: 60249.35 | Strength: -0.38 | Strength faded to -0.38
2026-01-05 05:15:33,894 | ORDER_ATTEMPT | S | BANKNIFTY28JAN26P60200 | Qty: 20 | Strike: 60200
2026-01-05 05:16:33,722 | SIGNAL | BUY_PE | BANKNIFTY | Price: 60211.20 | Strength: -6.78 | Strength -6.78 < -5.5
2026-01-05 05:16:33,948 | ORDER_ATTEMPT | B | BANKNIFTY28JAN26P60100 | Qty: 20 | Strike: 60100
2026-01-05 05:19:41,247 | SIGNAL | EXIT | BANKNIFTY | Price: 60250.05 | Strength: -0.93 | Strength faded to -0.93
2026-01-05 05:19:41,490 | ORDER_ATTEMPT | S | BANKNIFTY28JAN26P60300 | Qty: 20 | Strike: 60300
2026-01-05 05:21:34,262 | SIGNAL | BUY_PE | BANKNIFTY | Price: 60228.35 | Strength: -5.54 | Strength -5.54 < -5.5
2026-01-05 05:21:34,501 | ORDER_ATTEMPT | B | BANKNIFTY28JAN26P60200 | Qty: 20 | Strike: 60200
2026-01-05 05:23:35,276 | SIGNAL | EXIT | BANKNIFTY | Price: 60240.70 | Strength: -0.73 | Strength faded to -0.73
2026-01-05 05:23:35,531 | ORDER_ATTEMPT | S | BANKNIFTY28JAN26P60200 | Qty: 20 | Strike: 60200
2026-01-05 05:26:02,784 | SIGNAL | BUY_CE | BANKNIFTY | Price: 60279.95 | Strength: 5.56 | Strength 5.56 > 5.5
2026-01-05 05:26:03,047 | ORDER_ATTEMPT | B | BANKNIFTY28JAN26C60300 | Qty: 20 | Strike: 60300
2026-01-05 05:35:00,891 | SIGNAL | EXIT | BANKNIFTY | Price: 60245.40 | Strength: 0.26 | Strength faded to 0.26
2026-01-05 05:35:01,441 | ORDER_ATTEMPT | S | BANKNIFTY28JAN26P60200 | Qty: 20 | Strike: 60200
2026-01-05 05:36:29,896 | SIGNAL | BUY_CE | BANKNIFTY | Price: 60284.10 | Strength: 5.81 | Strength 5.81 > 5.5
2026-01-05 05:36:30,126 | ORDER_ATTEMPT | B | BANKNIFTY28JAN26C60300 | Qty: 20 | Strike: 60300
2026-01-05 06:40:37,825 | SIGNAL | EXIT | BANKNIFTY | Price: 60273.65 | Strength: 0.89 | Strength faded to 0.89
2026-01-05 06:40:38,169 | ORDER_ATTEMPT | S | BANKNIFTY28JAN26P60300 | Qty: 20 | Strike: 60300
2026-01-05 06:43:20,843 | SIGNAL | BUY_CE | BANKNIFTY | Price: 60296.90 | Strength: 5.63 | Strength 5.63 > 5.5
2026-01-05 06:43:21,109 | ORDER_ATTEMPT | B | BANKNIFTY28JAN26C60300 | Qty: 20 | Strike: 60300
2026-01-05 06:46:23,857 | SIGNAL | EXIT | BANKNIFTY | Price: 60279.95 | Strength: 0.79 | Strength faded to 0.79
2026-01-05 06:46:24,112 | ORDER_ATTEMPT | S | BANKNIFTY28JAN26P60300 | Qty: 20 | Strike: 60300
2026-01-05 06:53:19,910 | SIGNAL | BUY_PE | BANKNIFTY | Price: 60226.60 | Strength: -6.07 | Strength -6.07 < -5.5
2026-01-05 06:53:20,184 | ORDER_ATTEMPT | B | BANKNIFTY28JAN26P60200 | Qty: 20 | Strike: 60200
2026-01-05 07:12:48,049 | SIGNAL | BUY_CE | BANKNIFTY | Price: 60250.90 | Strength: 6.14 | Strength 6.14 > 5.5
2026-01-05 07:12:48,288 | ORDER_ATTEMPT | B | BANKNIFTY28JAN26C60300 | Qty: 20 | Strike: 60300
2026-01-05 07:22:17,102 | SIGNAL | BUY_PE | BANKNIFTY | Price: 60219.35 | Strength: -5.59 | Strength -5.59 < -5.5
2026-01-05 07:22:17,365 | ORDER_ATTEMPT | B | BANKNIFTY28JAN26P60200 | Qty: 20 | Strike: 60200
2026-01-05 07:28:43,140 | SIGNAL | EXIT | BANKNIFTY | Price: 60238.40 | Strength: -0.93 | Strength faded to -0.93
2026-01-05 07:28:43,400 | ORDER_ATTEMPT | S | BANKNIFTY28JAN26P60200 | Qty: 20 | Strike: 60200
2026-01-05 07:31:58,658 | SIGNAL | BUY_PE | BANKNIFTY | Price: 60221.40 | Strength: -5.65 | Strength -5.65 < -5.5
2026-01-05 07:31:58,962 | ORDER_ATTEMPT | B | BANKNIFTY28JAN26P60200 | Qty: 20 | Strike: 60200
2026-01-05 07:36:35,187 | SIGNAL | EXIT | BANKNIFTY | Price: 60255.40 | Strength: -0.87 | Strength faded to -0.87
2026-01-05 07:36:35,581 | ORDER_ATTEMPT | S | BANKNIFTY28JAN26P60300 | Qty: 20 | Strike: 60300
2026-01-05 08:12:22,932 | SIGNAL | BUY_PE | BANKNIFTY | Price: 60203.70 | Strength: -5.50 | Strength -5.50 < -5.5
2026-01-05 08:12:22,934 | ORDER_ATTEMPT | B | BANKNIFTY28JAN26P60200 | Qty: 20 | Strike: 60200
2026-01-05 08:12:23,636 | ORDER_RESULT | ID: N/A | BANKNIFTY28JAN26P60200 | Qty: 20 | FAILED | Reason: API returned None
2026-01-05 08:20:11,979 | SIGNAL | EXIT | BANKNIFTY | Price: 60227.00 | Strength: -0.91 | Strength faded to -0.91
2026-01-05 08:20:11,981 | ORDER_ATTEMPT | S | BANKNIFTY28JAN26P60200 | Qty: 20 | Strike: 60200
2026-01-05 08:20:12,700 | ORDER_RESULT | ID: N/A | BANKNIFTY28JAN26P60200 | Qty: 20 | FAILED | Reason: API returned None
2026-01-05 08:35:12,736 | ORDER_UPDATE | ID: 26010500272858 | AUBANK-EQ | PENDING
2026-01-05 08:35:12,738 | ORDER_UPDATE | ID: 26010500272858 | AUBANK-EQ | REJECTED | Rejection: RED:Margin Shortfall:INR 213.49 Available:INR 0.00 for C-FN155024 [SHOONYA]
2026-01-05 08:39:57,068 | SIGNAL | BUY_PE | BANKNIFTY | Price: 60166.55 | Strength: -5.51 | Strength -5.51 < -5.5
2026-01-05 08:39:57,070 | ORDER_ATTEMPT | B | BANKNIFTY28JAN26P60200 | Qty: 20 | Strike: 60200
2026-01-05 08:39:57,757 | ORDER_RESULT | ID: N/A | BANKNIFTY28JAN26P60200 | Qty: 20 | FAILED | Reason: API returned None
2026-01-05 08:52:30,811 | ORDER_UPDATE | ID: 26010500291643 | BANDHANBNK-EQ | PENDING
2026-01-05 08:52:30,815 | ORDER_UPDATE | ID: 26010500291643 | BANDHANBNK-EQ | REJECTED | Rejection: RED:Margin Shortfall:INR 30.95 Available:INR 0.00 for C-FN155024 [SHOONYA]
2026-01-05 09:03:04,870 | ORDER_UPDATE | ID: 26010500302902 | KOTAKBANK-EQ | PENDING
2026-01-05 09:03:04,875 | ORDER_UPDATE | ID: 26010500302902 | KOTAKBANK-EQ | REJECTED | Rejection: RED:Margin Shortfall:INR 924.59 Available:INR 0.00 for C-FN155024 [SHOONYA]
2026-01-05 09:03:05,513 | ORDER_UPDATE | ID: 26010500302914 | AUBANK-EQ | PENDING
2026-01-05 09:03:05,521 | ORDER_UPDATE | ID: 26010500302914 | AUBANK-EQ | REJECTED | Rejection: RED:Margin Shortfall:INR 213.71 Available:INR 0.00 for C-FN155024 [SHOONYA]
2026-01-05 09:52:56,743 | ORDER_UPDATE | ID: 26010500368211 | KOTAKBANK-EQ | PENDING
2026-01-05 09:52:56,749 | ORDER_UPDATE | ID: 26010500368211 | KOTAKBANK-EQ | REJECTED | Rejection: RED:Margin Shortfall:INR 922.73 Available:INR 0.00 for C-FN155024 [SHOONYA]
2026-01-05 09:52:57,383 | ORDER_UPDATE | ID: 26010500368221 | AUBANK-EQ | PENDING
2026-01-05 09:52:57,384 | ORDER_UPDATE | ID: 26010500368221 | AUBANK-EQ | REJECTED | Rejection: RED:Margin Shortfall:INR 213.44 Available:INR 0.00 for C-FN155024 [SHOONYA]
